Using pre-set license
Built from '2020.3/staging' branch; Version is '2020.3.20f1 (41c4e627c95f) revision 4310246'; Using compiler version '192528614'; Build Type 'Release'
OS: 'Windows 10 Home Single Language; OS build 19043.1348; Version 2009; 64bit' Language: 'es' Physical Memory: 7549 MB
BatchMode: 1, IsHumanControllingUs: 0, StartBugReporterOnCrash: 0, Is64bit: 1, IsPro: 0

COMMAND LINE ARGUMENTS:
D:\Archivos de programa\2020.3.20f1\Editor\Unity.exe
-adb2
-batchMode
-noUpm
-name
AssetImportWorker0
-projectPath
D:/Documentos/UnityProjects/2DHellBullet
-logFile
Logs/AssetImportWorker0.log
-srvPort
58998
Successfully changed project path to: D:/Documentos/UnityProjects/2DHellBullet
D:/Documentos/UnityProjects/2DHellBullet
Using Asset Import Pipeline V2.
Refreshing native plugins compatible for Editor in 86.21 ms, found 3 plugins.
Preloading 0 native plugins for Editor in 0.00 ms.
Initialize engine version: 2020.3.20f1 (41c4e627c95f)
[Subsystems] Discovering subsystems at path D:/Archivos de programa/2020.3.20f1/Editor/Data/Resources/UnitySubsystems
[Subsystems] Discovering subsystems at path D:/Documentos/UnityProjects/2DHellBullet/Assets
GfxDevice: creating device client; threaded=0
Direct3D:
    Version:  Direct3D 11.0 [level 11.1]
    Renderer: NVIDIA GeForce GTX 1650 (ID=0x1f99)
    Vendor:   
    VRAM:     3962 MB
    Driver:   27.21.14.5749
Initialize mono
Mono path[0] = 'D:/Archivos de programa/2020.3.20f1/Editor/Data/Managed'
Mono path[1] = 'D:/Archivos de programa/2020.3.20f1/Editor/Data/MonoBleedingEdge/lib/mono/unityjit'
Mono config path = 'D:/Archivos de programa/2020.3.20f1/Editor/Data/MonoBleedingEdge/etc'
Using monoOptions --debugger-agent=transport=dt_socket,embedding=1,server=y,suspend=n,address=127.0.0.1:56436
Begin MonoManager ReloadAssembly
Registering precompiled unity dll's ...
Register platform support module: D:/Archivos de programa/2020.3.20f1/Editor/Data/PlaybackEngines/WebGLSupport/UnityEditor.WebGL.Extensions.dll
Register platform support module: D:/Archivos de programa/2020.3.20f1/Editor/Data/PlaybackEngines/WindowsStandaloneSupport/UnityEditor.WindowsStandalone.Extensions.dll
Registered in 0.002305 seconds.
Native extension for WindowsStandalone target not found
Native extension for WebGL target not found
Refreshing native plugins compatible for Editor in 138.16 ms, found 3 plugins.
Preloading 0 native plugins for Editor in 0.00 ms.
Mono: successfully reloaded assembly
- Completed reload, in  2.412 seconds
Domain Reload Profiling:
	ReloadAssembly (2412ms)
		BeginReloadAssembly (109ms)
			ExecutionOrderSort (0ms)
			DisableScriptedObjects (0ms)
			BackupInstance (0ms)
			ReleaseScriptingObjects (0ms)
			CreateAndSetChildDomain (1ms)
		EndReloadAssembly (807ms)
			LoadAssemblies (109ms)
			RebuildTransferFunctionScriptingTraits (0ms)
			SetupTypeCache (228ms)
			ReleaseScriptCaches (0ms)
			RebuildScriptCaches (50ms)
			SetupLoadedEditorAssemblies (401ms)
				LogAssemblyErrors (0ms)
				InitializePlatformSupportModulesInManaged (7ms)
				SetLoadedEditorAssemblies (0ms)
				RefreshPlugins (138ms)
				BeforeProcessingInitializeOnLoad (32ms)
				ProcessInitializeOnLoadAttributes (182ms)
				ProcessInitializeOnLoadMethodAttributes (41ms)
				AfterProcessingInitializeOnLoad (0ms)
				EditorAssembliesLoaded (0ms)
			ExecutionOrderSort2 (0ms)
			AwakeInstancesAfterBackupRestoration (0ms)
Platform modules already initialized, skipping
Registering precompiled user dll's ...
Registered in 0.007421 seconds.
Begin MonoManager ReloadAssembly
Native extension for WindowsStandalone target not found
Native extension for WebGL target not found
Refreshing native plugins compatible for Editor in 128.97 ms, found 3 plugins.
Preloading 0 native plugins for Editor in 0.00 ms.
Mono: successfully reloaded assembly
- Completed reload, in  2.119 seconds
Domain Reload Profiling:
	ReloadAssembly (2120ms)
		BeginReloadAssembly (240ms)
			ExecutionOrderSort (0ms)
			DisableScriptedObjects (6ms)
			BackupInstance (0ms)
			ReleaseScriptingObjects (0ms)
			CreateAndSetChildDomain (26ms)
		EndReloadAssembly (1794ms)
			LoadAssemblies (178ms)
			RebuildTransferFunctionScriptingTraits (0ms)
			SetupTypeCache (594ms)
			ReleaseScriptCaches (1ms)
			RebuildScriptCaches (98ms)
			SetupLoadedEditorAssemblies (749ms)
				LogAssemblyErrors (0ms)
				InitializePlatformSupportModulesInManaged (10ms)
				SetLoadedEditorAssemblies (0ms)
				RefreshPlugins (129ms)
				BeforeProcessingInitializeOnLoad (164ms)
				ProcessInitializeOnLoadAttributes (413ms)
				ProcessInitializeOnLoadMethodAttributes (30ms)
				AfterProcessingInitializeOnLoad (3ms)
				EditorAssembliesLoaded (0ms)
			ExecutionOrderSort2 (0ms)
			AwakeInstancesAfterBackupRestoration (9ms)
Platform modules already initialized, skipping
========================================================================
Worker process is ready to serve import requests
Launched and connected shader compiler UnityShaderCompiler.exe after 0.17 seconds
Refreshing native plugins compatible for Editor in 0.81 ms, found 3 plugins.
Preloading 0 native plugins for Editor in 0.00 ms.
Unloading 2322 Unused Serialized files (Serialized files now loaded: 0)
System memory in use before: 105.1 MB.
System memory in use after: 105.3 MB.

Unloading 29 unused Assets to reduce memory usage. Loaded Objects now: 2760.
Total: 7.595400 ms (FindLiveObjects: 0.405100 ms CreateObjectMapping: 0.177800 ms MarkObjects: 6.859300 ms  DeleteObjects: 0.150000 ms)

AssetImportParameters requested are different than current active one (requested -> active):
  custom:framework-win-MediaFoundation: 216162199b28c13a410421893ffa2e32 -> 
  custom:video-decoder-ogg-theora: a1e56fd34408186e4bbccfd4996cb3dc -> 
  custom:container-muxer-webm: aa71ff27fc2769a1b78a27578f13a17b -> 
  custom:container-demuxer-webm: 4f35f7cbe854078d1ac9338744f61a02 -> 
  custom:container-demuxer-ogg: 62fdf1f143b41e24485cea50d1cbac27 -> 
  custom:video-encoder-webm-vp8: eb34c28f22e8b96e1ab97ce403110664 -> 
  custom:video-codec-MediaFoundation-h265: 746d11721c4dcdbdad8f713fa42b33f4 -> 
  custom:video-decoder-webm-vp8: 9c59270c3fd7afecdb556c50c9e8de78 -> 
  custom:audio-decoder-ogg-vorbis: bf7c407c2cedff20999df2af8eb42d56 -> 
  custom:audio-encoder-webm-vorbis: bf7c407c2cedff20999df2af8eb42d56 -> 
========================================================================
Received Import Request.
  path: Assets/_Project/Galaxy Assets/Game/Sprites/Player_Turn_Left/Player Turn Left0003.png
  artifactKey: Guid(07f1dc456c0c944c69246ec5b62e015a) Importer(815301076,1909f56bfc062723c751e8b465ee728b)
Start importing Assets/_Project/Galaxy Assets/Game/Sprites/Player_Turn_Left/Player Turn Left0003.png using Guid(07f1dc456c0c944c69246ec5b62e015a) Importer(815301076,1909f56bfc062723c751e8b465ee728b)  -> (artifact id: '85121d782b5db20df2c1e829ddc8ff41') in 0.627946 seconds 
  Import took 0.689869 seconds .

========================================================================
Received Import Request.
  Time since last request: 0.000701 seconds.
  path: Assets/_Project/Galaxy Assets/Game/Sprites/Player_Turn_Left/Player Turn Left0001.png
  artifactKey: Guid(9284343f055144054b5d7f5a72d1dbb1) Importer(815301076,1909f56bfc062723c751e8b465ee728b)
Start importing Assets/_Project/Galaxy Assets/Game/Sprites/Player_Turn_Left/Player Turn Left0001.png using Guid(9284343f055144054b5d7f5a72d1dbb1) Importer(815301076,1909f56bfc062723c751e8b465ee728b)  -> (artifact id: 'aada3542685fffea1d8657e523603ba3') in 0.103055 seconds 
  Import took 0.143878 seconds .

========================================================================
Received Import Request.
  Time since last request: 0.000463 seconds.
  path: Assets/_Project/Galaxy Assets/Game/Sprites/Player_Turn_Left/Player Turn Left0008.png
  artifactKey: Guid(f3346fe3e2c9e4527a394f1e99d25f1f) Importer(815301076,1909f56bfc062723c751e8b465ee728b)
Start importing Assets/_Project/Galaxy Assets/Game/Sprites/Player_Turn_Left/Player Turn Left0008.png using Guid(f3346fe3e2c9e4527a394f1e99d25f1f) Importer(815301076,1909f56bfc062723c751e8b465ee728b)  -> (artifact id: '40c8702ecd544dc7bc4dffc874311b12') in 0.065260 seconds 
  Import took 0.101020 seconds .

========================================================================
Received Import Request.
  Time since last request: 0.000517 seconds.
  path: Assets/_Project/Galaxy Assets/Game/Sprites/Enemy_Explode_Sequence/EnemyTurnLeft0000_00007.png
  artifactKey: Guid(76f79295758ed42e08496e40465300ff) Importer(815301076,1909f56bfc062723c751e8b465ee728b)
Start importing Assets/_Project/Galaxy Assets/Game/Sprites/Enemy_Explode_Sequence/EnemyTurnLeft0000_00007.png using Guid(76f79295758ed42e08496e40465300ff) Importer(815301076,1909f56bfc062723c751e8b465ee728b)  -> (artifact id: 'b249f7fb092a3c1e1d3151acab769d40') in 0.048594 seconds 
  Import took 0.089571 seconds .

========================================================================
Received Import Request.
  Time since last request: 0.000571 seconds.
  path: Assets/_Project/Galaxy Assets/Game/Sprites/Enemy_Explode_Sequence/EnemyTurnLeft0000_00008.png
  artifactKey: Guid(6e79bf9eae111464a948323374ce32f9) Importer(815301076,1909f56bfc062723c751e8b465ee728b)
Start importing Assets/_Project/Galaxy Assets/Game/Sprites/Enemy_Explode_Sequence/EnemyTurnLeft0000_00008.png using Guid(6e79bf9eae111464a948323374ce32f9) Importer(815301076,1909f56bfc062723c751e8b465ee728b)  -> (artifact id: '8c6ad0ebd5dada861c4ed6e6ee992fd5') in 0.051356 seconds 
  Import took 0.074504 seconds .

========================================================================
Received Import Request.
  Time since last request: 0.000554 seconds.
  path: Assets/_Project/Galaxy Assets/Game/Sprites/Player_Turn_Left/Player Turn Left0002.png
  artifactKey: Guid(76f24fca3aede49a392f5b213ca9bc34) Importer(815301076,1909f56bfc062723c751e8b465ee728b)
Start importing Assets/_Project/Galaxy Assets/Game/Sprites/Player_Turn_Left/Player Turn Left0002.png using Guid(76f24fca3aede49a392f5b213ca9bc34) Importer(815301076,1909f56bfc062723c751e8b465ee728b)  -> (artifact id: 'f5d1e5f75d29d92e03910d84665bb95b') in 0.045212 seconds 
  Import took 0.054017 seconds .

========================================================================
Received Import Request.
  Time since last request: 0.000553 seconds.
  path: Assets/_Project/Galaxy Assets/Game/Sprites/Player_Turn_Left/Player Turn Left0004.png
  artifactKey: Guid(053a77bc50ed441899c0d5a4bf34cb74) Importer(815301076,1909f56bfc062723c751e8b465ee728b)
Start importing Assets/_Project/Galaxy Assets/Game/Sprites/Player_Turn_Left/Player Turn Left0004.png using Guid(053a77bc50ed441899c0d5a4bf34cb74) Importer(815301076,1909f56bfc062723c751e8b465ee728b)  -> (artifact id: '5f6acf8d49eaf863654ed9be7afec452') in 0.056644 seconds 
  Import took 0.110901 seconds .

========================================================================
Received Import Request.
  Time since last request: 0.000561 seconds.
  path: Assets/_Project/Galaxy Assets/Game/Sprites/Enemy_Explode_Sequence/EnemyTurnLeft0000_00002.png
  artifactKey: Guid(537930933d92c4333ae40c1d6d362b74) Importer(815301076,1909f56bfc062723c751e8b465ee728b)
Start importing Assets/_Project/Galaxy Assets/Game/Sprites/Enemy_Explode_Sequence/EnemyTurnLeft0000_00002.png using Guid(537930933d92c4333ae40c1d6d362b74) Importer(815301076,1909f56bfc062723c751e8b465ee728b)  -> (artifact id: '3895a2603f2dfd4740834c1a25329d4a') in 0.072561 seconds 
  Import took 0.094185 seconds .

========================================================================
Received Import Request.
  Time since last request: 0.000546 seconds.
  path: Assets/_Project/Galaxy Assets/Game/Sprites/Asteroid.png
  artifactKey: Guid(6691643d9d08ede40bc93504dc8acb2e) Importer(815301076,1909f56bfc062723c751e8b465ee728b)
Start importing Assets/_Project/Galaxy Assets/Game/Sprites/Asteroid.png using Guid(6691643d9d08ede40bc93504dc8acb2e) Importer(815301076,1909f56bfc062723c751e8b465ee728b)  -> (artifact id: 'b88b9a2104ef53a33f3fd1bf0e73b1ae') in 0.058187 seconds 
  Import took 0.065771 seconds .

========================================================================
Received Import Request.
  Time since last request: 0.000417 seconds.
  path: Assets/_Project/Galaxy Assets/Game/Sprites/Enemy_Explode_Sequence/EnemyTurnLeft0000_00005.png
  artifactKey: Guid(6f55af48c2b0a4aac993a217fcebe9d3) Importer(815301076,1909f56bfc062723c751e8b465ee728b)
Start importing Assets/_Project/Galaxy Assets/Game/Sprites/Enemy_Explode_Sequence/EnemyTurnLeft0000_00005.png using Guid(6f55af48c2b0a4aac993a217fcebe9d3) Importer(815301076,1909f56bfc062723c751e8b465ee728b)  -> (artifact id: 'a96ed9bb61aad8817dbf0baa41d2ef19') in 0.032903 seconds 
  Import took 0.041733 seconds .

========================================================================
Received Import Request.
  Time since last request: 0.000675 seconds.
  path: Assets/_Project/Galaxy Assets/Game/Sprites/Enemy_Explode_Sequence/EnemyTurnLeft0000_00001.png
  artifactKey: Guid(5939592cd9b9f4335a4ee907fa989be4) Importer(815301076,1909f56bfc062723c751e8b465ee728b)
Start importing Assets/_Project/Galaxy Assets/Game/Sprites/Enemy_Explode_Sequence/EnemyTurnLeft0000_00001.png using Guid(5939592cd9b9f4335a4ee907fa989be4) Importer(815301076,1909f56bfc062723c751e8b465ee728b)  -> (artifact id: '8c2600e3ba030275a8614863605e9f96') in 0.029215 seconds 
  Import took 0.034698 seconds .

========================================================================
Received Import Request.
  Time since last request: 0.000428 seconds.
  path: Assets/_Project/Galaxy Assets/Game/Sprites/Enemy_Explode_Sequence/EnemyTurnLeft0000_00006.png
  artifactKey: Guid(786597786c8f747a581a1bfb26411214) Importer(815301076,1909f56bfc062723c751e8b465ee728b)
Start importing Assets/_Project/Galaxy Assets/Game/Sprites/Enemy_Explode_Sequence/EnemyTurnLeft0000_00006.png using Guid(786597786c8f747a581a1bfb26411214) Importer(815301076,1909f56bfc062723c751e8b465ee728b)  -> (artifact id: '42bf2b88daf4b0fc0760fda469cb696f') in 0.032200 seconds 
  Import took 0.064743 seconds .

========================================================================
Received Import Request.
  Time since last request: 0.000355 seconds.
  path: Assets/_Project/Galaxy Assets/Game/Sprites/Enemy_Explode_Sequence/EnemyTurnLeft0000_00003.png
  artifactKey: Guid(c2e13c0c12b714179887597dd1d6b1f4) Importer(815301076,1909f56bfc062723c751e8b465ee728b)
Start importing Assets/_Project/Galaxy Assets/Game/Sprites/Enemy_Explode_Sequence/EnemyTurnLeft0000_00003.png using Guid(c2e13c0c12b714179887597dd1d6b1f4) Importer(815301076,1909f56bfc062723c751e8b465ee728b)  -> (artifact id: 'c801ea688992ab5f1a9e7eb52158d083') in 0.032668 seconds 
  Import took 0.051919 seconds .

========================================================================
Received Import Request.
  Time since last request: 0.000356 seconds.
  path: Assets/_Project/Galaxy Assets/Game/Sprites/Player_Turn_Left/Player Turn Left0005.png
  artifactKey: Guid(35a20c271ee5445c6b637c26ef35a015) Importer(815301076,1909f56bfc062723c751e8b465ee728b)
Start importing Assets/_Project/Galaxy Assets/Game/Sprites/Player_Turn_Left/Player Turn Left0005.png using Guid(35a20c271ee5445c6b637c26ef35a015) Importer(815301076,1909f56bfc062723c751e8b465ee728b)  -> (artifact id: '9063cbcbe2b86cbaa8a7fa438c42f89e') in 0.042932 seconds 
  Import took 0.048803 seconds .

========================================================================
Received Import Request.
  Time since last request: 0.000343 seconds.
  path: Assets/_Project/Galaxy Assets/Game/Sprites/Player_Turn_Left/Player Turn Left0006.png
  artifactKey: Guid(bb173694be00148b4bc0ebfa1a1e58ed) Importer(815301076,1909f56bfc062723c751e8b465ee728b)
Start importing Assets/_Project/Galaxy Assets/Game/Sprites/Player_Turn_Left/Player Turn Left0006.png using Guid(bb173694be00148b4bc0ebfa1a1e58ed) Importer(815301076,1909f56bfc062723c751e8b465ee728b)  -> (artifact id: '03bc8782aa74029af0e432a849b32b57') in 0.037843 seconds 
  Import took 0.043972 seconds .

========================================================================
Received Import Request.
  Time since last request: 0.000404 seconds.
  path: Assets/_Project/Galaxy Assets/Game/Sprites/Enemy_Explode_Sequence/EnemyTurnLeft0000_00004.png
  artifactKey: Guid(f574bd8eb232a4689af64e1d5dc05a21) Importer(815301076,1909f56bfc062723c751e8b465ee728b)
Start importing Assets/_Project/Galaxy Assets/Game/Sprites/Enemy_Explode_Sequence/EnemyTurnLeft0000_00004.png using Guid(f574bd8eb232a4689af64e1d5dc05a21) Importer(815301076,1909f56bfc062723c751e8b465ee728b)  -> (artifact id: 'e8dc586a6ccab5140e33a012159b1433') in 0.039638 seconds 
  Import took 0.060398 seconds .

========================================================================
Received Import Request.
  Time since last request: 0.000339 seconds.
  path: Assets/_Project/Galaxy Assets/Game/Sprites/Player_Turn_Left/Player Turn Left0007.png
  artifactKey: Guid(be96d907589954304a9aaf149e51d40c) Importer(815301076,1909f56bfc062723c751e8b465ee728b)
Start importing Assets/_Project/Galaxy Assets/Game/Sprites/Player_Turn_Left/Player Turn Left0007.png using Guid(be96d907589954304a9aaf149e51d40c) Importer(815301076,1909f56bfc062723c751e8b465ee728b)  -> (artifact id: '0db233194fd02bd3b970d0b714b739bc') in 0.037800 seconds 
  Import took 0.044729 seconds .

========================================================================
Received Prepare
Refreshing native plugins compatible for Editor in 7.17 ms, found 3 plugins.
Preloading 0 native plugins for Editor in 0.00 ms.
Unloading 15 Unused Serialized files (Serialized files now loaded: 0)
System memory in use before: 60.1 MB.
System memory in use after: 60.3 MB.

Unloading 15 unused Assets to reduce memory usage. Loaded Objects now: 2766.
Total: 5.353500 ms (FindLiveObjects: 0.301100 ms CreateObjectMapping: 0.112800 ms MarkObjects: 4.893000 ms  DeleteObjects: 0.045000 ms)

AssetImportParameters requested are different than current active one (requested -> active):
  custom:framework-win-MediaFoundation: 216162199b28c13a410421893ffa2e32 -> 
  custom:video-decoder-ogg-theora: a1e56fd34408186e4bbccfd4996cb3dc -> 
  custom:container-muxer-webm: aa71ff27fc2769a1b78a27578f13a17b -> 
  custom:container-demuxer-webm: 4f35f7cbe854078d1ac9338744f61a02 -> 
  custom:container-demuxer-ogg: 62fdf1f143b41e24485cea50d1cbac27 -> 
  custom:video-encoder-webm-vp8: eb34c28f22e8b96e1ab97ce403110664 -> 
  custom:video-codec-MediaFoundation-h265: 746d11721c4dcdbdad8f713fa42b33f4 -> 
  custom:video-decoder-webm-vp8: 9c59270c3fd7afecdb556c50c9e8de78 -> 
  custom:audio-decoder-ogg-vorbis: bf7c407c2cedff20999df2af8eb42d56 -> 
  custom:audio-encoder-webm-vorbis: bf7c407c2cedff20999df2af8eb42d56 -> 
========================================================================
Received Prepare
Registering precompiled user dll's ...
Registered in 0.042763 seconds.
Begin MonoManager ReloadAssembly
Native extension for WindowsStandalone target not found
Native extension for WebGL target not found
Refreshing native plugins compatible for Editor in 0.91 ms, found 3 plugins.
Preloading 0 native plugins for Editor in 0.00 ms.
Mono: successfully reloaded assembly
- Completed reload, in  2.012 seconds
Domain Reload Profiling:
	ReloadAssembly (2013ms)
		BeginReloadAssembly (261ms)
			ExecutionOrderSort (0ms)
			DisableScriptedObjects (11ms)
			BackupInstance (0ms)
			ReleaseScriptingObjects (0ms)
			CreateAndSetChildDomain (63ms)
		EndReloadAssembly (1641ms)
			LoadAssemblies (288ms)
			RebuildTransferFunctionScriptingTraits (0ms)
			SetupTypeCache (578ms)
			ReleaseScriptCaches (1ms)
			RebuildScriptCaches (86ms)
			SetupLoadedEditorAssemblies (564ms)
				LogAssemblyErrors (0ms)
				InitializePlatformSupportModulesInManaged (11ms)
				SetLoadedEditorAssemblies (1ms)
				RefreshPlugins (1ms)
				BeforeProcessingInitializeOnLoad (146ms)
				ProcessInitializeOnLoadAttributes (384ms)
				ProcessInitializeOnLoadMethodAttributes (18ms)
				AfterProcessingInitializeOnLoad (4ms)
				EditorAssembliesLoaded (0ms)
			ExecutionOrderSort2 (0ms)
			AwakeInstancesAfterBackupRestoration (21ms)
Platform modules already initialized, skipping
Refreshing native plugins compatible for Editor in 1.37 ms, found 3 plugins.
Preloading 0 native plugins for Editor in 0.00 ms.
Unloading 2284 Unused Serialized files (Serialized files now loaded: 0)
System memory in use before: 104.8 MB.
System memory in use after: 105.1 MB.

Unloading 17 unused Assets to reduce memory usage. Loaded Objects now: 2769.
Total: 8.402700 ms (FindLiveObjects: 0.456300 ms CreateObjectMapping: 0.185600 ms MarkObjects: 7.712700 ms  DeleteObjects: 0.044800 ms)

AssetImportParameters requested are different than current active one (requested -> active):
  custom:framework-win-MediaFoundation: 216162199b28c13a410421893ffa2e32 -> 
  custom:video-decoder-ogg-theora: a1e56fd34408186e4bbccfd4996cb3dc -> 
  custom:container-muxer-webm: aa71ff27fc2769a1b78a27578f13a17b -> 
  custom:container-demuxer-webm: 4f35f7cbe854078d1ac9338744f61a02 -> 
  custom:container-demuxer-ogg: 62fdf1f143b41e24485cea50d1cbac27 -> 
  custom:video-encoder-webm-vp8: eb34c28f22e8b96e1ab97ce403110664 -> 
  custom:video-codec-MediaFoundation-h265: 746d11721c4dcdbdad8f713fa42b33f4 -> 
  custom:video-decoder-webm-vp8: 9c59270c3fd7afecdb556c50c9e8de78 -> 
  custom:audio-decoder-ogg-vorbis: bf7c407c2cedff20999df2af8eb42d56 -> 
  custom:audio-encoder-webm-vorbis: bf7c407c2cedff20999df2af8eb42d56 -> 
========================================================================
Received Prepare
Registering precompiled user dll's ...
Registered in 0.168622 seconds.
Begin MonoManager ReloadAssembly
Native extension for WindowsStandalone target not found
Native extension for WebGL target not found
Refreshing native plugins compatible for Editor in 0.77 ms, found 3 plugins.
Preloading 0 native plugins for Editor in 0.00 ms.
Mono: successfully reloaded assembly
- Completed reload, in  1.467 seconds
Domain Reload Profiling:
	ReloadAssembly (1468ms)
		BeginReloadAssembly (175ms)
			ExecutionOrderSort (0ms)
			DisableScriptedObjects (9ms)
			BackupInstance (0ms)
			ReleaseScriptingObjects (0ms)
			CreateAndSetChildDomain (47ms)
		EndReloadAssembly (1206ms)
			LoadAssemblies (161ms)
			RebuildTransferFunctionScriptingTraits (0ms)
			SetupTypeCache (429ms)
			ReleaseScriptCaches (1ms)
			RebuildScriptCaches (65ms)
			SetupLoadedEditorAssemblies (424ms)
				LogAssemblyErrors (0ms)
				InitializePlatformSupportModulesInManaged (8ms)
				SetLoadedEditorAssemblies (1ms)
				RefreshPlugins (1ms)
				BeforeProcessingInitializeOnLoad (114ms)
				ProcessInitializeOnLoadAttributes (284ms)
				ProcessInitializeOnLoadMethodAttributes (13ms)
				AfterProcessingInitializeOnLoad (3ms)
				EditorAssembliesLoaded (0ms)
			ExecutionOrderSort2 (0ms)
			AwakeInstancesAfterBackupRestoration (14ms)
Platform modules already initialized, skipping
Refreshing native plugins compatible for Editor in 1.05 ms, found 3 plugins.
Preloading 0 native plugins for Editor in 0.00 ms.
Unloading 2284 Unused Serialized files (Serialized files now loaded: 0)
System memory in use before: 104.9 MB.
System memory in use after: 105.1 MB.

Unloading 17 unused Assets to reduce memory usage. Loaded Objects now: 2772.
Total: 5.467100 ms (FindLiveObjects: 0.394300 ms CreateObjectMapping: 0.176200 ms MarkObjects: 4.865600 ms  DeleteObjects: 0.028500 ms)

AssetImportParameters requested are different than current active one (requested -> active):
  custom:framework-win-MediaFoundation: 216162199b28c13a410421893ffa2e32 -> 
  custom:video-decoder-ogg-theora: a1e56fd34408186e4bbccfd4996cb3dc -> 
  custom:container-muxer-webm: aa71ff27fc2769a1b78a27578f13a17b -> 
  custom:container-demuxer-webm: 4f35f7cbe854078d1ac9338744f61a02 -> 
  custom:container-demuxer-ogg: 62fdf1f143b41e24485cea50d1cbac27 -> 
  custom:video-encoder-webm-vp8: eb34c28f22e8b96e1ab97ce403110664 -> 
  custom:video-codec-MediaFoundation-h265: 746d11721c4dcdbdad8f713fa42b33f4 -> 
  custom:video-decoder-webm-vp8: 9c59270c3fd7afecdb556c50c9e8de78 -> 
  custom:audio-decoder-ogg-vorbis: bf7c407c2cedff20999df2af8eb42d56 -> 
  custom:audio-encoder-webm-vorbis: bf7c407c2cedff20999df2af8eb42d56 -> 
========================================================================
Received Import Request.
  Time since last request: 2485.820499 seconds.
  path: Assets/_Project/Prefab/Enemy.prefab
  artifactKey: Guid(95fdb936a1e3654488d4f28c0e1c7277) Importer(815301076,1909f56bfc062723c751e8b465ee728b)
Start importing Assets/_Project/Prefab/Enemy.prefab using Guid(95fdb936a1e3654488d4f28c0e1c7277) Importer(815301076,1909f56bfc062723c751e8b465ee728b)  -> (artifact id: 'be7d28b65b388fc3dfaf2b7940e0857f') in 0.768173 seconds 
  Import took 0.852529 seconds .

========================================================================
Received Import Request.
  Time since last request: 7.099114 seconds.
  path: Assets/_Project/Prefab/Enemy_Explosion.prefab
  artifactKey: Guid(656de6fe7d0aea14aa0a12d3d2f28582) Importer(815301076,1909f56bfc062723c751e8b465ee728b)
Start importing Assets/_Project/Prefab/Enemy_Explosion.prefab using Guid(656de6fe7d0aea14aa0a12d3d2f28582) Importer(815301076,1909f56bfc062723c751e8b465ee728b)  -> (artifact id: '4a8082303486df3fbfaee953158f2307') in 0.084583 seconds 
  Import took 0.126241 seconds .

========================================================================
Received Prepare
Registering precompiled user dll's ...
Registered in 0.010656 seconds.
Begin MonoManager ReloadAssembly
Native extension for WindowsStandalone target not found
Native extension for WebGL target not found
Refreshing native plugins compatible for Editor in 0.79 ms, found 3 plugins.
Preloading 0 native plugins for Editor in 0.00 ms.
Mono: successfully reloaded assembly
- Completed reload, in  1.876 seconds
Domain Reload Profiling:
	ReloadAssembly (1877ms)
		BeginReloadAssembly (316ms)
			ExecutionOrderSort (0ms)
			DisableScriptedObjects (13ms)
			BackupInstance (0ms)
			ReleaseScriptingObjects (0ms)
			CreateAndSetChildDomain (77ms)
		EndReloadAssembly (1392ms)
			LoadAssemblies (294ms)
			RebuildTransferFunctionScriptingTraits (0ms)
			SetupTypeCache (540ms)
			ReleaseScriptCaches (1ms)
			RebuildScriptCaches (67ms)
			SetupLoadedEditorAssemblies (451ms)
				LogAssemblyErrors (0ms)
				InitializePlatformSupportModulesInManaged (9ms)
				SetLoadedEditorAssemblies (1ms)
				RefreshPlugins (1ms)
				BeforeProcessingInitializeOnLoad (120ms)
				ProcessInitializeOnLoadAttributes (302ms)
				ProcessInitializeOnLoadMethodAttributes (14ms)
				AfterProcessingInitializeOnLoad (3ms)
				EditorAssembliesLoaded (0ms)
			ExecutionOrderSort2 (0ms)
			AwakeInstancesAfterBackupRestoration (15ms)
Platform modules already initialized, skipping
Refreshing native plugins compatible for Editor in 1.45 ms, found 3 plugins.
Preloading 0 native plugins for Editor in 0.00 ms.
Unloading 2284 Unused Serialized files (Serialized files now loaded: 0)
System memory in use before: 105.0 MB.
System memory in use after: 105.2 MB.

Unloading 17 unused Assets to reduce memory usage. Loaded Objects now: 2779.
Total: 7.422500 ms (FindLiveObjects: 0.406000 ms CreateObjectMapping: 0.181400 ms MarkObjects: 6.784200 ms  DeleteObjects: 0.048500 ms)

AssetImportParameters requested are different than current active one (requested -> active):
  custom:framework-win-MediaFoundation: 216162199b28c13a410421893ffa2e32 -> 
  custom:video-decoder-ogg-theora: a1e56fd34408186e4bbccfd4996cb3dc -> 
  custom:container-muxer-webm: aa71ff27fc2769a1b78a27578f13a17b -> 
  custom:container-demuxer-webm: 4f35f7cbe854078d1ac9338744f61a02 -> 
  custom:container-demuxer-ogg: 62fdf1f143b41e24485cea50d1cbac27 -> 
  custom:video-encoder-webm-vp8: eb34c28f22e8b96e1ab97ce403110664 -> 
  custom:video-codec-MediaFoundation-h265: 746d11721c4dcdbdad8f713fa42b33f4 -> 
  custom:video-decoder-webm-vp8: 9c59270c3fd7afecdb556c50c9e8de78 -> 
  custom:audio-decoder-ogg-vorbis: bf7c407c2cedff20999df2af8eb42d56 -> 
  custom:audio-encoder-webm-vorbis: bf7c407c2cedff20999df2af8eb42d56 -> 
AssetImportWorkerClient::OnTransportError - code=2 error=End of file
